[35m[Appium][39m Welcome to Appium v1.22.3
[35m[Appium][39m Non-default server args:
[35m[Appium][39m   port: 61019
[35m[Appium][39m   loglevel: info
[35m[Appium][39m   tmpDir: C:\Users\00156929\AppData\Local\Temp\1\\Katalon\Appium\Temp1722312153398
[35m[Appium][39m Appium REST http interface listener started on 0.0.0.0:61019
[35m[HTTP][39m [37m-->[39m [37mGET[39m [37m/wd/hub/status[39m
[35m[HTTP][39m [90m{}[39m
[35m[HTTP][39m [37m<-- GET /wd/hub/status [39m[32m200[39m [90m7 ms - 68[39m
[35m[HTTP][39m [90m[39m
[35m[HTTP][39m [37m-->[39m [37mGET[39m [37m/wd/hub/status[39m
[35m[HTTP][39m [90m{}[39m
[35m[HTTP][39m [37m<-- GET /wd/hub/status [39m[32m200[39m [90m1 ms - 68[39m
[35m[HTTP][39m [90m[39m
[35m[HTTP][39m [37m-->[39m [37mPOST[39m [37m/wd/hub/session[39m
[35m[HTTP][39m [90m{"desiredCapabilities":{"appPackage":"com.android.settings","appWaitActivity":"*","deviceId":"9c11685c","deviceName":"OnePlus KB2003 (Android 13)","appActivity":".Settings","newCommandTimeout":1800,"platformVersion":"13","autoGrantPermission":true,"automationName":"uiautomator2","autoGrantPermissions":true,"platformName":"Android","udid":"9c11685c","systemPort":8254},"capabilities":{"firstMatch":[{"appium:appActivity":".Settings","appium:appPackage":"com.android.settings","appium:appWaitActivity":"*","autoGrantPermission":true,"appium:autoGrantPermissions":true,"appium:automationName":"uiautomator2","deviceId":"9c11685c","appium:deviceName":"OnePlus KB2003 (Android 13)","appium:newCommandTimeout":1800,"platformName":"android","appium:platformVersion":"13","appium:systemPort":8254,"appium:udid":"9c11685c"}]}}[39m
[35m[BaseDriver][39m The following capabilities are not standard capabilities and should have an extension prefix:
[35m[BaseDriver][39m   autoGrantPermission
[35m[BaseDriver][39m   deviceId
[35m[Appium][39m Appium v1.22.3 creating new AndroidUiautomator2Driver (v1.70.1) session
[35m[BaseDriver][39m The following capabilities were provided, but are not recognized by Appium:
[35m[BaseDriver][39m   autoGrantPermission
[35m[BaseDriver][39m   deviceId
[35m[BaseDriver][39m Session created with session id: d3feb0c9-7ab2-48dd-ba21-7906d156d1ea
[35m[UiAutomator2][39m Starting 'com.android.settings' directly on the device
[35m[ADB][39m Found 1 'build-tools' folders under 'C:\Users\00156929\.katalon\tools\android_sdk' (newest first):
[35m[ADB][39m     C:/Users/00156929/.katalon/tools/android_sdk/build-tools/29.0.3
[35m[ADB][39m Using 'adb.exe' from 'C:\Users\00156929\.katalon\tools\android_sdk\platform-tools\adb.exe'
[35m[AndroidDriver][39m Retrieving device list
[35m[AndroidDriver][39m Using device: 9c11685c
[35m[ADB][39m Using 'adb.exe' from 'C:\Users\00156929\.katalon\tools\android_sdk\platform-tools\adb.exe'
[35m[ADB][39m Getting device platform version
[35m[UiAutomator2][39m Relaxing hidden api policy
[35m[UiAutomator2][39m Unable to remove system port forward: Error executing adbExec. Original error: 'Command 'C:\\Users\\00156929\\.katalon\\tools\\android_sdk\\platform-tools\\adb.exe -P 5037 -s 9c11685c forward --remove tcp\:8254' exited with code 1'; Command output: adb.exe: error: listener 'tcp:8254' not found
[35m[UiAutomator2][39m 
[35m[UiAutomator2][39m Restoring hidden api policy to the device default configuration
[35m[HTTP][39m [37m<-- POST /wd/hub/session [39m[31m500[39m [90m1775 ms - 10473[39m
[35m[HTTP][39m [90m[39m
